#
# A fatal error has been detected by the Java Runtime Environment:
#
#  EXCEPTION_ACCESS_VIOLATION (0xc0000005) at pc=0x000000006e9e5148, pid=10636, tid=0x00000000000027cc
#
# JRE version: Java(TM) SE Runtime Environment (8.0_181-b13) (build 1.8.0_181-b13)
# Java VM: Java HotSpot(TM) 64-Bit Server VM (25.181-b13 mixed mode windows-amd64 compressed oops)
# Problematic frame:
# V  [jvm.dll+0x115148]
#
# Failed to write core dump. Minidumps are not enabled by default on client versions of Windows
#
# If you would like to submit a bug report, please visit:
#   http://bugreport.java.com/bugreport/crash.jsp
#

---------------  T H R E A D  ---------------

Current thread (0x000000000279c800):  GCTaskThread [stack: 0x0000000012340000,0x0000000012440000] [id=10188]

siginfo: ExceptionCode=0xc0000005, reading address 0xffffffffffffffff

Registers:
RAX=0x0000000012440000, RBX=0x0000000000020000, RCX=0x0000000000000000, RDX=0x0000000000000000
RSP=0x000000001243f5f0, RBP=0x00000000c0de2260, RSI=0x0000000000000003, RDI=0x000000000286f4a0
R8 =0x007fffffff9fc100, R9 =0x0000000000000003, R10=0x000000000000000c, R11=0x00000000000006af
R12=0x00000000c0de2268, R13=0x00000001000091e8, R14=0x00000001000091f0, R15=0x00000000c0de2210
RIP=0x000000006e9e5148, EFLAGS=0x0000000000010246

Top of Stack: (sp=0x000000001243f5f0)
0x000000001243f5f0:   00000000c0de22a0 00000000c0de224c
0x000000001243f600:   0000000000000003 000000000286f4a0
0x000000001243f610:   0000000000000000 00000000000003d8
0x000000001243f620:   000000000279d5a8 000000000278f8a0
0x000000001243f630:   00000000000006ad 000000006ecca270
0x000000001243f640:   00000000158b05b8 0000000014e75680
0x000000001243f650:   000000000286f4a0 000000000279d1d0
0x000000001243f660:   0000001000000000 0000000000000c00
0x000000001243f670:   0000000000000000 0000000000000000
0x000000001243f680:   0000000000000000 0000000002782800
0x000000001243f690:   000000000279d101 000000000279d101
0x000000001243f6a0:   000003629e4270b8 000000000279d5a8
0x000000001243f6b0:   000000000279d1d0 00000000000003d8
0x000000001243f6c0:   000000000279d1d0 000000000278f8a0
0x000000001243f6d0:   000000000279d1c0 0000000014e75680
0x000000001243f6e0:   000000000286f4a0 000000006ecc6f73 

Instructions: (pc=0x000000006e9e5148)
0x000000006e9e5128:   05 d3 db 70 00 49 c1 e8 03 49 d3 e8 41 0f b6 c0
0x000000006e9e5138:   49 c1 e8 06 24 3f 0f b6 d0 48 8b 05 e8 db 70 00
0x000000006e9e5148:   4a 8b 0c c0 48 0f a3 d1 0f 82 59 01 00 00 0f b6
0x000000006e9e5158:   15 14 e8 6f 00 84 d2 74 16 44 8b 43 08 8b 0d fd 


Register to memory mapping:

RAX=0x0000000012440000 is an unknown value
RBX=0x0000000000020000 is an unknown value
RCX=0x0000000000000000 is an unknown value
RDX=0x0000000000000000 is an unknown value
RSP=0x000000001243f5f0 is an unknown value
RBP=0x00000000c0de2260 is pointing into object: 0x00000000c0de2210
java.lang.reflect.Method 
 - klass: 'java/lang/reflect/Method'
RSI=0x0000000000000003 is an unknown value
RDI=0x000000000286f4a0 is an unknown value
R8 =0x007fffffff9fc100 is an unknown value
R9 =0x0000000000000003 is an unknown value
R10=0x000000000000000c is an unknown value
R11=0x00000000000006af is an unknown value
R12=0x00000000c0de2268 is an oop
[Ljava.lang.Class; 
 - klass: 'java/lang/Class'[]
 - length: 3
R13=0x00000001000091e8 is pointing into metadata
R14=0x00000001000091f0 is pointing into metadata
R15=0x00000000c0de2210 is an oop
java.lang.reflect.Method 
 - klass: 'java/lang/reflect/Method'


Stack: [0x0000000012340000,0x0000000012440000],  sp=0x000000001243f5f0,  free space=1021k
Native frames: (J=compiled Java code, j=interpreted, Vv=VM code, C=native code)
V  [jvm.dll+0x115148]
V  [jvm.dll+0x3fa270]
V  [jvm.dll+0x3f6f73]
V  [jvm.dll+0x3f4dde]
V  [jvm.dll+0x29e64a]
C  [msvcr100.dll+0x21d9f]
C  [msvcr100.dll+0x21e3b]
C  [KERNEL32.DLL+0x14034]
C  [ntdll.dll+0x73691]


---------------  P R O C E S S  ---------------

Java Threads: ( => current thread )
  0x000000001a489000 JavaThread "main" [_thread_blocked, id=12392, stack(0x0000000019fc0000,0x000000001a0c0000)]
  0x0000000014ffd800 JavaThread "Service Thread" daemon [_thread_blocked, id=11256, stack(0x0000000016e20000,0x0000000016f20000)]
  0x0000000014fe1000 JavaThread "C1 CompilerThread2" daemon [_thread_blocked, id=3520, stack(0x0000000016d20000,0x0000000016e20000)]
  0x0000000014fe0000 JavaThread "C2 CompilerThread1" daemon [_thread_blocked, id=4696, stack(0x0000000016c20000,0x0000000016d20000)]
  0x0000000014fdb800 JavaThread "C2 CompilerThread0" daemon [_thread_in_native, id=15104, stack(0x0000000016b20000,0x0000000016c20000)]
  0x0000000016663000 JavaThread "Monitor Ctrl-Break" daemon [_thread_in_native, id=5964, stack(0x0000000016a20000,0x0000000016b20000)]
  0x0000000014fa8000 JavaThread "Attach Listener" daemon [_thread_blocked, id=14920, stack(0x0000000016520000,0x0000000016620000)]
  0x0000000014fa7000 JavaThread "Signal Dispatcher" daemon [_thread_blocked, id=9320, stack(0x0000000016420000,0x0000000016520000)]
  0x0000000014f90000 JavaThread "Finalizer" daemon [_thread_blocked, id=7588, stack(0x0000000016210000,0x0000000016310000)]
  0x0000000002875000 JavaThread "Reference Handler" daemon [_thread_blocked, id=15340, stack(0x0000000016110000,0x0000000016210000)]
  0x0000000002782800 JavaThread "main" [_thread_blocked, id=7600, stack(0x0000000000c80000,0x0000000000d80000)]

Other Threads:
  0x0000000014f67000 VMThread [stack: 0x0000000016010000,0x0000000016110000] [id=14656]
  0x00000000166f5000 WatcherThread [stack: 0x0000000016f20000,0x0000000017020000] [id=8368]

=>0x000000000279c800 (exited) GCTaskThread [stack: 0x0000000012340000,0x0000000012440000] [id=10188]

VM state:at safepoint (normal execution)

VM Mutex/Monitor currently owned by a thread:  ([mutex/lock_event])
[0x00000000026edbf0] Threads_lock - owner thread: 0x0000000014f67000
[0x00000000027813d0] Heap_lock - owner thread: 0x000000001a489000

Heap:
 PSYoungGen      total 141312K, used 15973K [0x00000000ead80000, 0x00000000f9600000, 0x0000000100000000)
  eden space 124928K, 0% used [0x00000000ead80000,0x00000000ead80000,0x00000000f2780000)
  from space 16384K, 97% used [0x00000000f2780000,0x00000000f3719630,0x00000000f3780000)
  to   space 18944K, 0% used [0x00000000f8380000,0x00000000f8380000,0x00000000f9600000)
 ParOldGen       total 44032K, used 21430K [0x00000000c0800000, 0x00000000c3300000, 0x00000000ead80000)
  object space 44032K, 48% used [0x00000000c0800000,0x00000000c1ced928,0x00000000c3300000)
 Metaspace       used 20621K, capacity 21104K, committed 21296K, reserved 1069056K
  class space    used 2456K, capacity 2626K, committed 2688K, reserved 1048576K

Card table byte_map: [0x0000000011ce0000,0x0000000011ee0000] byte_map_base: 0x00000000116dc000

Marking Bits: (ParMarkBitMap*) 0x000000006f0f2d00
 Begin Bits: [0x0000000012440000, 0x0000000013420000)
 End Bits:   [0x0000000013420000, 0x0000000014400000)

Polling page: 0x0000000000840000

CodeCache: size=245760Kb used=13710Kb max_used=13710Kb free=232049Kb
 bounds [0x0000000002920000, 0x0000000003690000, 0x0000000011920000]
 total_blobs=4248 nmethods=3885 adapters=275
 compilation: enabled

Compilation events (10 events):
Event: 3.437 Thread 0x0000000014fe1000 3898   !   3       sun.misc.URLClassPath$JarLoader::checkJar (51 bytes)
Event: 3.438 Thread 0x0000000014fe1000 nmethod 3898 0x0000000003682950 code [0x0000000003682b00, 0x00000000036830e8]
Event: 3.470 Thread 0x0000000014fe1000 3900       3       java.io.StreamTokenizer::read (38 bytes)
Event: 3.470 Thread 0x0000000014fe1000 nmethod 3900 0x0000000003683550 code [0x00000000036836e0, 0x0000000003683ae8]
Event: 3.471 Thread 0x0000000014fe1000 3901       3       java.io.StreamTokenizer::nextToken (1268 bytes)
Event: 3.474 Thread 0x0000000014fe1000 nmethod 3901 0x0000000003683c50 code [0x0000000003684180, 0x0000000003686d98]
Event: 3.479 Thread 0x0000000014fe1000 3902       2       sun.net.www.ParseUtil::encodePath (336 bytes)
Event: 3.479 Thread 0x0000000014fe1000 nmethod 3902 0x0000000003688010 code [0x0000000003688220, 0x0000000003688b78]
Event: 3.486 Thread 0x0000000014fe1000 3903       3       java.net.URLClassLoader::isSealed (72 bytes)
Event: 3.486 Thread 0x0000000014fe1000 nmethod 3903 0x0000000003689250 code [0x0000000003689460, 0x000000000368a178]

GC Heap History (10 events):
Event: 1.279 GC heap after
Heap after GC invocations=5 (full 0):
 PSYoungGen      total 35328K, used 2544K [0x00000000ead80000, 0x00000000efc80000, 0x0000000100000000)
  eden space 32768K, 0% used [0x00000000ead80000,0x00000000ead80000,0x00000000ecd80000)
  from space 2560K, 99% used [0x00000000ecd80000,0x00000000ecffc030,0x00000000ed000000)
  to   space 7680K, 0% used [0x00000000ef500000,0x00000000ef500000,0x00000000efc80000)
 ParOldGen       total 44032K, used 9737K [0x00000000c0800000, 0x00000000c3300000, 0x00000000ead80000)
  object space 44032K, 22% used [0x00000000c0800000,0x00000000c11824d8,0x00000000c3300000)
 Metaspace       used 14806K, capacity 15060K, committed 15232K, reserved 1062912K
  class space    used 1834K, capacity 1912K, committed 1920K, reserved 1048576K
}
Event: 1.494 GC heap before
{Heap before GC invocations=6 (full 0):
 PSYoungGen      total 35328K, used 35312K [0x00000000ead80000, 0x00000000efc80000, 0x0000000100000000)
  eden space 32768K, 100% used [0x00000000ead80000,0x00000000ecd80000,0x00000000ecd80000)
  from space 2560K, 99% used [0x00000000ecd80000,0x00000000ecffc030,0x00000000ed000000)
  to   space 7680K, 0% used [0x00000000ef500000,0x00000000ef500000,0x00000000efc80000)
 ParOldGen       total 44032K, used 9737K [0x00000000c0800000, 0x00000000c3300000, 0x00000000ead80000)
  object space 44032K, 22% used [0x00000000c0800000,0x00000000c11824d8,0x00000000c3300000)
 Metaspace       used 15170K, capacity 15482K, committed 15872K, reserved 1062912K
  class space    used 1846K, capacity 1945K, committed 2048K, reserved 1048576K
Event: 1.505 GC heap after
Heap after GC invocations=6 (full 0):
 PSYoungGen      total 71680K, used 7664K [0x00000000ead80000, 0x00000000eff80000, 0x0000000100000000)
  eden space 64000K, 0% used [0x00000000ead80000,0x00000000ead80000,0x00000000eec00000)
  from space 7680K, 99% used [0x00000000ef500000,0x00000000efc7c010,0x00000000efc80000)
  to   space 9216K, 0% used [0x00000000eec00000,0x00000000eec00000,0x00000000ef500000)
 ParOldGen       total 44032K, used 10234K [0x00000000c0800000, 0x00000000c3300000, 0x00000000ead80000)
  object space 44032K, 23% used [0x00000000c0800000,0x00000000c11feb28,0x00000000c3300000)
 Metaspace       used 15170K, capacity 15482K, committed 15872K, reserved 1062912K
  class space    used 1846K, capacity 1945K, committed 2048K, reserved 1048576K
}
Event: 1.915 GC heap before
{Heap before GC invocations=7 (full 0):
 PSYoungGen      total 71680K, used 71664K [0x00000000ead80000, 0x00000000eff80000, 0x0000000100000000)
  eden space 64000K, 100% used [0x00000000ead80000,0x00000000eec00000,0x00000000eec00000)
  from space 7680K, 99% used [0x00000000ef500000,0x00000000efc7c010,0x00000000efc80000)
  to   space 9216K, 0% used [0x00000000eec00000,0x00000000eec00000,0x00000000ef500000)
 ParOldGen       total 44032K, used 10234K [0x00000000c0800000, 0x00000000c3300000, 0x00000000ead80000)
  object space 44032K, 23% used [0x00000000c0800000,0x00000000c11feb28,0x00000000c3300000)
 Metaspace       used 15630K, capacity 15896K, committed 16128K, reserved 1062912K
  class space    used 1874K, capacity 1950K, committed 2048K, reserved 1048576K
Event: 1.931 GC heap after
Heap after GC invocations=7 (full 0):
 PSYoungGen      total 73216K, used 9200K [0x00000000ead80000, 0x00000000f4480000, 0x0000000100000000)
  eden space 64000K, 0% used [0x00000000ead80000,0x00000000ead80000,0x00000000eec00000)
  from space 9216K, 99% used [0x00000000eec00000,0x00000000ef4fc010,0x00000000ef500000)
  to   space 13312K, 0% used [0x00000000f3780000,0x00000000f3780000,0x00000000f4480000)
 ParOldGen       total 44032K, used 15387K [0x00000000c0800000, 0x00000000c3300000, 0x00000000ead80000)
  object space 44032K, 34% used [0x00000000c0800000,0x00000000c1706d80,0x00000000c3300000)
 Metaspace       used 15630K, capacity 15896K, committed 16128K, reserved 1062912K
  class space    used 1874K, capacity 1950K, committed 2048K, reserved 1048576K
}
Event: 2.518 GC heap before
{Heap before GC invocations=8 (full 0):
 PSYoungGen      total 73216K, used 73200K [0x00000000ead80000, 0x00000000f4480000, 0x0000000100000000)
  eden space 64000K, 100% used [0x00000000ead80000,0x00000000eec00000,0x00000000eec00000)
  from space 9216K, 99% used [0x00000000eec00000,0x00000000ef4fc010,0x00000000ef500000)
  to   space 13312K, 0% used [0x00000000f3780000,0x00000000f3780000,0x00000000f4480000)
 ParOldGen       total 44032K, used 15387K [0x00000000c0800000, 0x00000000c3300000, 0x00000000ead80000)
  object space 44032K, 34% used [0x00000000c0800000,0x00000000c1706d80,0x00000000c3300000)
 Metaspace       used 16831K, capacity 17160K, committed 17280K, reserved 1064960K
  class space    used 1988K, capacity 2090K, committed 2176K, reserved 1048576K
Event: 2.532 GC heap after
Heap after GC invocations=8 (full 0):
 PSYoungGen      total 138240K, used 13312K [0x00000000ead80000, 0x00000000f4a80000, 0x0000000100000000)
  eden space 124928K, 0% used [0x00000000ead80000,0x00000000ead80000,0x00000000f2780000)
  from space 13312K, 100% used [0x00000000f3780000,0x00000000f4480000,0x00000000f4480000)
  to   space 16384K, 0% used [0x00000000f2780000,0x00000000f2780000,0x00000000f3780000)
 ParOldGen       total 44032K, used 16956K [0x00000000c0800000, 0x00000000c3300000, 0x00000000ead80000)
  object space 44032K, 38% used [0x00000000c0800000,0x00000000c188f0d8,0x00000000c3300000)
 Metaspace       used 16831K, capacity 17160K, committed 17280K, reserved 1064960K
  class space    used 1988K, capacity 2090K, committed 2176K, reserved 1048576K
}
Event: 3.499 GC heap before
{Heap before GC invocations=9 (full 0):
 PSYoungGen      total 138240K, used 102012K [0x00000000ead80000, 0x00000000f4a80000, 0x0000000100000000)
  eden space 124928K, 71% used [0x00000000ead80000,0x00000000f041f3a8,0x00000000f2780000)
  from space 13312K, 100% used [0x00000000f3780000,0x00000000f4480000,0x00000000f4480000)
  to   space 16384K, 0% used [0x00000000f2780000,0x00000000f2780000,0x00000000f3780000)
 ParOldGen       total 44032K, used 16956K [0x00000000c0800000, 0x00000000c3300000, 0x00000000ead80000)
  object space 44032K, 38% used [0x00000000c0800000,0x00000000c188f0d8,0x00000000c3300000)
 Metaspace       used 20621K, capacity 21104K, committed 21296K, reserved 1069056K
  class space    used 2456K, capacity 2626K, committed 2688K, reserved 1048576K
Event: 3.527 GC heap after
Heap after GC invocations=9 (full 0):
 PSYoungGen      total 141312K, used 15973K [0x00000000ead80000, 0x00000000f9600000, 0x0000000100000000)
  eden space 124928K, 0% used [0x00000000ead80000,0x00000000ead80000,0x00000000f2780000)
  from space 16384K, 97% used [0x00000000f2780000,0x00000000f3719630,0x00000000f3780000)
  to   space 18944K, 0% used [0x00000000f8380000,0x00000000f8380000,0x00000000f9600000)
 ParOldGen       total 44032K, used 21430K [0x00000000c0800000, 0x00000000c3300000, 0x00000000ead80000)
  object space 44032K, 48% used [0x00000000c0800000,0x00000000c1ced928,0x00000000c3300000)
 Metaspace       used 20621K, capacity 21104K, committed 21296K, reserved 1069056K
  class space    used 2456K, capacity 2626K, committed 2688K, reserved 1048576K
}
Event: 3.527 GC heap before
{Heap before GC invocations=10 (full 1):
 PSYoungGen      total 141312K, used 15973K [0x00000000ead80000, 0x00000000f9600000, 0x0000000100000000)
  eden space 124928K, 0% used [0x00000000ead80000,0x00000000ead80000,0x00000000f2780000)
  from space 16384K, 97% used [0x00000000f2780000,0x00000000f3719630,0x00000000f3780000)
  to   space 18944K, 0% used [0x00000000f8380000,0x00000000f8380000,0x00000000f9600000)
 ParOldGen       total 44032K, used 21430K [0x00000000c0800000, 0x00000000c3300000, 0x00000000ead80000)
  object space 44032K, 48% used [0x00000000c0800000,0x00000000c1ced928,0x00000000c3300000)
 Metaspace       used 20621K, capacity 21104K, committed 21296K, reserved 1069056K
  class space    used 2456K, capacity 2626K, committed 2688K, reserved 1048576K

Deoptimization events (10 events):
Event: 3.134 Thread 0x0000000002782800 Uncommon trap: reason=unstable_if action=reinterpret pc=0x00000000035a38e0 method=java.util.jar.Manifest$FastInputStream.readLine([BII)I @ 87
Event: 3.273 Thread 0x0000000002782800 Uncommon trap: reason=bimorphic action=maybe_recompile pc=0x0000000002ef3490 method=java.util.regex.Pattern$CharProperty.match(Ljava/util/regex/Matcher;ILjava/lang/CharSequence;)Z @ 37
Event: 3.362 Thread 0x0000000002782800 Uncommon trap: reason=unstable_if action=reinterpret pc=0x0000000002b298c0 method=sun.misc.URLClassPath$JarLoader.getResource(Ljava/lang/String;Z)Lsun/misc/Resource; @ 62
Event: 3.365 Thread 0x0000000002782800 Uncommon trap: reason=null_assert action=make_not_entrant pc=0x0000000002b3a258 method=java.util.zip.ZipEntry.<init>(Ljava/util/zip/ZipEntry;)V @ 70
Event: 3.367 Thread 0x0000000002782800 Uncommon trap: reason=unstable_if action=reinterpret pc=0x00000000033982dc method=java.util.StringTokenizer.setMaxDelimCodePoint()V @ 71
Event: 3.367 Thread 0x0000000002782800 Uncommon trap: reason=unstable_if action=reinterpret pc=0x0000000002b16dd4 method=sun.misc.URLClassPath.getLoader(I)Lsun/misc/URLClassPath$Loader; @ 101
Event: 3.409 Thread 0x000000001a489000 Uncommon trap: reason=unstable_if action=reinterpret pc=0x0000000003321070 method=java.util.StringTokenizer.setMaxDelimCodePoint()V @ 71
Event: 3.409 Thread 0x000000001a489000 Uncommon trap: reason=unstable_if action=reinterpret pc=0x0000000002b1418c method=sun.misc.URLClassPath.getLoader(I)Lsun/misc/URLClassPath$Loader; @ 101
Event: 3.459 Thread 0x000000001a489000 Uncommon trap: reason=unstable_if action=reinterpret pc=0x00000000034b6010 method=java.lang.Integer.valueOf(I)Ljava/lang/Integer; @ 3
Event: 3.470 Thread 0x000000001a489000 Uncommon trap: reason=predicate action=maybe_recompile pc=0x0000000002c23d04 method=sun.net.www.ParseUtil.encodePath(Ljava/lang/String;Z)Ljava/lang/String; @ 36

Classes redefined (0 events):
No events

Internal exceptions (10 events):
Event: 3.409 Thread 0x000000001a489000 Exception <a 'java/security/PrivilegedActionException'> (0x00000000efe07460) thrown at [C:\re\workspace\8-2-build-windows-amd64-cygwin\jdk8u181\11358\hotspot\src\share\vm\prims\jvm.cpp, line 1435]
Event: 3.409 Thread 0x000000001a489000 Exception <a 'java/security/PrivilegedActionException'> (0x00000000efe08870) thrown at [C:\re\workspace\8-2-build-windows-amd64-cygwin\jdk8u181\11358\hotspot\src\share\vm\prims\jvm.cpp, line 1435]
Event: 3.409 Thread 0x000000001a489000 Exception <a 'java/security/PrivilegedActionException'> (0x00000000efe08a80) thrown at [C:\re\workspace\8-2-build-windows-amd64-cygwin\jdk8u181\11358\hotspot\src\share\vm\prims\jvm.cpp, line 1435]
Event: 3.409 Thread 0x000000001a489000 Exception <a 'java/security/PrivilegedActionException'> (0x00000000efe09cb8) thrown at [C:\re\workspace\8-2-build-windows-amd64-cygwin\jdk8u181\11358\hotspot\src\share\vm\prims\jvm.cpp, line 1435]
Event: 3.409 Thread 0x000000001a489000 Exception <a 'java/security/PrivilegedActionException'> (0x00000000efe09ec8) thrown at [C:\re\workspace\8-2-build-windows-amd64-cygwin\jdk8u181\11358\hotspot\src\share\vm\prims\jvm.cpp, line 1435]
Event: 3.409 Thread 0x000000001a489000 Exception <a 'java/security/PrivilegedActionException'> (0x00000000efe0b190) thrown at [C:\re\workspace\8-2-build-windows-amd64-cygwin\jdk8u181\11358\hotspot\src\share\vm\prims\jvm.cpp, line 1435]
Event: 3.409 Thread 0x000000001a489000 Exception <a 'java/security/PrivilegedActionException'> (0x00000000efe0b3a0) thrown at [C:\re\workspace\8-2-build-windows-amd64-cygwin\jdk8u181\11358\hotspot\src\share\vm\prims\jvm.cpp, line 1435]
Event: 3.409 Thread 0x000000001a489000 Exception <a 'java/security/PrivilegedActionException'> (0x00000000efe0c7b0) thrown at [C:\re\workspace\8-2-build-windows-amd64-cygwin\jdk8u181\11358\hotspot\src\share\vm\prims\jvm.cpp, line 1435]
Event: 3.409 Thread 0x000000001a489000 Exception <a 'java/security/PrivilegedActionException'> (0x00000000efe0c9c0) thrown at [C:\re\workspace\8-2-build-windows-amd64-cygwin\jdk8u181\11358\hotspot\src\share\vm\prims\jvm.cpp, line 1435]
Event: 3.476 Thread 0x000000001a489000 Exception <a 'java/io/FileNotFoundException'> (0x00000000f02579e0) thrown at [C:\re\workspace\8-2-build-windows-amd64-cygwin\jdk8u181\11358\hotspot\src\share\vm\prims\jni.cpp, line 709]

Events (10 events):
Event: 3.496 loading class ch/qos/logback/core/util/StatusPrinter done
Event: 3.497 loading class ch/qos/logback/classic/selector/DefaultContextSelector
Event: 3.497 loading class ch/qos/logback/classic/selector/DefaultContextSelector done
Event: 3.498 loading class ch/qos/logback/classic/util/LoggerNameUtil
Event: 3.498 loading class ch/qos/logback/classic/util/LoggerNameUtil done
Event: 3.498 loading class org/apache/commons/logging/LogAdapter$Slf4jLocationAwareLog
Event: 3.498 loading class org/apache/commons/logging/LogAdapter$Slf4jLocationAwareLog done
Event: 3.498 loading class org/apache/commons/logging/LogAdapter$Slf4jLog
Event: 3.498 loading class org/apache/commons/logging/LogAdapter$Slf4jLog done
Event: 3.499 Executing VM operation: CollectForMetadataAllocation


Dynamic libraries:
0x00007ff7bea20000 - 0x00007ff7bea57000 	C:\Program Files\Java\jdk1.8.0_181\bin\java.exe
0x00007ffba6910000 - 0x00007ffba6af1000 	C:\Windows\SYSTEM32\ntdll.dll
0x00007ffba5c00000 - 0x00007ffba5cb1000 	C:\Windows\System32\KERNEL32.DLL
0x00007ffba3880000 - 0x00007ffba3af3000 	C:\Windows\System32\KERNELBASE.dll
0x00007ffba5660000 - 0x00007ffba5701000 	C:\Windows\System32\ADVAPI32.dll
0x00007ffba6030000 - 0x00007ffba60ce000 	C:\Windows\System32\msvcrt.dll
0x00007ffba5fa0000 - 0x00007ffba5ffb000 	C:\Windows\System32\sechost.dll
0x00007ffba3da0000 - 0x00007ffba3ec4000 	C:\Windows\System32\RPCRT4.dll
0x00007ffba3ed0000 - 0x00007ffba4060000 	C:\Windows\System32\USER32.dll
0x00007ffba2fb0000 - 0x00007ffba2fd0000 	C:\Windows\System32\win32u.dll
0x00007ffba68b0000 - 0x00007ffba68d8000 	C:\Windows\System32\GDI32.dll
0x00007ffba3bb0000 - 0x00007ffba3d42000 	C:\Windows\System32\gdi32full.dll
0x00007ffba36e0000 - 0x00007ffba377f000 	C:\Windows\System32\msvcp_win.dll
0x00007ffba3780000 - 0x00007ffba3878000 	C:\Windows\System32\ucrtbase.dll
0x00007ffb9a5d0000 - 0x00007ffb9a839000 	C:\Windows\WinSxS\amd64_microsoft.windows.common-controls_6595b64144ccf1df_6.0.17134.706_none_fb43a2cb30647007\COMCTL32.dll
0x00007ffba58d0000 - 0x00007ffba5bf2000 	C:\Windows\System32\combase.dll
0x00007ffba2f30000 - 0x00007ffba2faa000 	C:\Windows\System32\bcryptPrimitives.dll
0x00007ffba6880000 - 0x00007ffba68ad000 	C:\Windows\System32\IMM32.DLL
0x000000006f180000 - 0x000000006f252000 	C:\Program Files\Java\jdk1.8.0_181\jre\bin\msvcr100.dll
0x000000006e8d0000 - 0x000000006f172000 	C:\Program Files\Java\jdk1.8.0_181\jre\bin\server\jvm.dll
0x00007ffba6020000 - 0x00007ffba6028000 	C:\Windows\System32\PSAPI.DLL
0x00007ffb94570000 - 0x00007ffb94579000 	C:\Windows\SYSTEM32\WSOCK32.dll
0x00007ffb9fac0000 - 0x00007ffb9fae3000 	C:\Windows\SYSTEM32\WINMM.dll
0x00007ffba5720000 - 0x00007ffba578c000 	C:\Windows\System32\WS2_32.dll
0x00007ffb9d290000 - 0x00007ffb9d29a000 	C:\Windows\SYSTEM32\VERSION.dll
0x00007ffb9f950000 - 0x00007ffb9f97a000 	C:\Windows\SYSTEM32\WINMMBASE.dll
0x00007ffba3d50000 - 0x00007ffba3d99000 	C:\Windows\System32\cfgmgr32.dll
0x000000006f380000 - 0x000000006f38f000 	C:\Program Files\Java\jdk1.8.0_181\jre\bin\verify.dll
0x000000006f350000 - 0x000000006f379000 	C:\Program Files\Java\jdk1.8.0_181\jre\bin\java.dll
0x000000006e8a0000 - 0x000000006e8c3000 	C:\Program Files\Java\jdk1.8.0_181\jre\bin\instrument.dll
0x000000006e880000 - 0x000000006e896000 	C:\Program Files\Java\jdk1.8.0_181\jre\bin\zip.dll
0x00007ffba4220000 - 0x00007ffba5660000 	C:\Windows\System32\SHELL32.dll
0x00007ffba57a0000 - 0x00007ffba5849000 	C:\Windows\System32\shcore.dll
0x00007ffba2fd0000 - 0x00007ffba36dd000 	C:\Windows\System32\windows.storage.dll
0x00007ffba6820000 - 0x00007ffba6871000 	C:\Windows\System32\shlwapi.dll
0x00007ffba2cc0000 - 0x00007ffba2cd1000 	C:\Windows\System32\kernel.appcore.dll
0x00007ffba2c70000 - 0x00007ffba2c8f000 	C:\Windows\System32\profapi.dll
0x00007ffba2c20000 - 0x00007ffba2c6c000 	C:\Windows\System32\powrprof.dll
0x00007ffba2c90000 - 0x00007ffba2c9a000 	C:\Windows\System32\FLTLIB.DLL
0x00007ffb9cf40000 - 0x00007ffb9cf5a000 	C:\Program Files\JetBrains\IntelliJ IDEA Community Edition 2019.1.1\bin\breakgen64.dll
0x000000006e860000 - 0x000000006e87a000 	C:\Program Files\Java\jdk1.8.0_181\jre\bin\net.dll
0x00007ffba24a0000 - 0x00007ffba2506000 	C:\Windows\system32\mswsock.dll
0x000000006e840000 - 0x000000006e851000 	C:\Program Files\Java\jdk1.8.0_181\jre\bin\nio.dll
0x00007ffb99400000 - 0x00007ffb995c9000 	C:\Windows\SYSTEM32\dbghelp.dll

VM Arguments:
jvm_args: -Dmaven.multiModuleProjectDirectory=C:\Users\Micha³\IdeaProjects\big_shop -Dmaven.home=C:\Program Files\JetBrains\IntelliJ IDEA Community Edition 2019.1.1\plugins\maven\lib\maven3 -Dclassworlds.conf=C:\Program Files\JetBrains\IntelliJ IDEA Community Edition 2019.1.1\plugins\maven\lib\maven3\bin\m2.conf -javaagent:C:\Program Files\JetBrains\IntelliJ IDEA Community Edition 2019.1.1\lib\idea_rt.jar=50912:C:\Program Files\JetBrains\IntelliJ IDEA Community Edition 2019.1.1\bin -Dfile.encoding=UTF-8 
java_command: org.codehaus.classworlds.Launcher -Didea.version2019.1.1 spring-boot:run
java_class_path (initial): C:\Program Files\JetBrains\IntelliJ IDEA Community Edition 2019.1.1\plugins\maven\lib\maven3\boot\plexus-classworlds-2.5.2.jar;C:\Program Files\JetBrains\IntelliJ IDEA Community Edition 2019.1.1\lib\idea_rt.jar
Launcher Type: SUN_STANDARD

Environment Variables:
PATH=C:\Program Files (x86)\Common Files\Oracle\Java\javapath;C:\Windows\system32;C:\Windows;C:\Windows\System32\Wbem;C:\Windows\System32\WindowsPowerShell\v1.0\;C:\Windows\System32\OpenSSH\;C:\Program Files (x86)\ATI Technologies\ATI.ACE\Core-Static;C:\Program Files\dotnet\;C:\Program Files\Microsoft SQL Server\130\Tools\Binn\;C:\Program Files\Git\cmd;C:\Program Files\Java\jdk1.8.0_181\bin;C:\Program Files (x86)\Common Files\Acronis\VirtualFile\;C:\Program Files (x86)\Common Files\Acronis\VirtualFile64\;C:\Program Files (x86)\Common Files\Acronis\SnapAPI\;C:\Program Files\Crucial\Crucial Storage Executive;C:\Program Files (x86)\NVIDIA Corporation\PhysX\Common;C:\Users\Micha³\AppData\Local\Microsoft\WindowsApps;C:\Program Files\Java\jdk1.8.0_181;
USERNAME=Micha³
OS=Windows_NT
PROCESSOR_IDENTIFIER=Intel64 Family 6 Model 42 Stepping 7, GenuineIntel



---------------  S Y S T E M  ---------------

OS: Windows 10.0 , 64 bit Build 17134 (10.0.17134.706)

CPU:total 4 (initial active 4) (4 cores per cpu, 1 threads per core) family 6 model 42 stepping 7, cmov, cx8, fxsr, mmx, sse, sse2, sse3, ssse3, sse4.1, sse4.2, popcnt, avx, aes, clmul, tsc, tscinvbit

Memory: 4k page, physical 4154908k(451236k free), swap 9135644k(2691388k free)

vm_info: Java HotSpot(TM) 64-Bit Server VM (25.181-b13) for windows-amd64 JRE (1.8.0_181-b13), built on Jul  7 2018 04:01:33 by "java_re" with MS VC++ 10.0 (VS2010)

time: Sun May 05 18:56:18 2019
elapsed time: 3 seconds (0d 0h 0m 3s)

